Found 1 module for target `DonationApp`
link_native_modules! {ios_packages: [{configurations: [], name: "react-native-safe-area-context", root: "/Users/shvmsnha/Desktop/project/ReactNativeCliCourse/DonationApp/node_modules/react-native-safe-area-context", path: "../node_modules/react-native-safe-area-context", podspec_path: "/Users/shvmsnha/Desktop/project/ReactNativeCliCourse/DonationApp/node_modules/react-native-safe-area-context/react-native-safe-area-context.podspec", script_phases: []}], ios_project_root_path: "/Users/shvmsnha/Desktop/project/ReactNativeCliCourse/DonationApp/ios", react_native_path: "../node_modules/react-native"}
Auto-linking React Native module for target `DonationApp`: react-native-safe-area-context
Framework build type is static library
[ReactNativeDependencies] Setting up ReactNativeDependencies...
[ReactNativeDependencies] Building from source: false
[ReactNativeDependencies] Using tarball from URL: https://repo1.maven.org/maven2/com/facebook/react/react-native-artifacts/0.86.0/react-native-artifacts-0.86.0-reactnative-dependencies-debug.tar.gz
[ReactNativeDependencies] Tarball reactnative-dependencies-0.86.0-debug.tar.gz already exists in Pods. Skipping download.
[ReactNativeDependencies] Tarball reactnative-dependencies-0.86.0-release.tar.gz already exists in Pods. Skipping download.
[ReactNativeDependencies] Source: {http: "https://repo1.maven.org/maven2/com/facebook/react/react-native-artifacts/0.86.0/react-native-artifacts-0.86.0-reactnative-dependencies-debug.tar.gz"}
[ReactNativeCore] Setting up ReactNativeCore...
[ReactNativeCore] Building from source: false
Configuring the target with the New Architecture
[ReactNativeCore] Using React Native Core and React Native Dependencies prebuilt versions.
[36m[1m[Codegen][0m Analyzing /Users/shvmsnha/Desktop/project/ReactNativeCliCourse/DonationApp/package.json[0m
[36m[1m[Codegen][0m [33mSearching for codegen-enabled libraries in the app.[0m
[36m[1m[Codegen][0m [33mThe "codegenConfig" field is not defined in package.json. Assuming there is nothing to generate at the app level.[0m
[36m[1m[Codegen][0m [33mSearching for codegen-enabled libraries in react-native.config.js[0m
[36m[1m[Codegen][0m Found react-native-safe-area-context[0m
[36m[1m[Codegen][0m Processing safeareacontext[0m
[36m[1m[Codegen][0m [33mSearching for podspec in the project dependencies.[0m
[36m[1m[Codegen][0m Supported Apple platforms: ios, macos, tvos, visionos for safeareacontext[0m
[36m[1m[Codegen][0m Generating Native Code for safeareacontext - ios[0m
[36m[1m[Codegen][0m Generated artifacts: /Users/shvmsnha/Desktop/project/ReactNativeCliCourse/DonationApp/ios/build/generated/ios/ReactCodegen[0m
[36m[1m[Codegen][0m Generating RCTThirdPartyComponentsProvider.h[0m
[36m[1m[Codegen][0m Generated artifact: /Users/shvmsnha/Desktop/project/ReactNativeCliCourse/DonationApp/ios/build/generated/ios/ReactCodegen/RCTThirdPartyComponentsProvider.h[0m
[36m[1m[Codegen][0m Generating RCTThirdPartyComponentsProvider.mm[0m
[36m[1m[Codegen][0m Generated artifact: /Users/shvmsnha/Desktop/project/ReactNativeCliCourse/DonationApp/ios/build/generated/ios/ReactCodegen/RCTThirdPartyComponentsProvider.mm[0m
[36m[1m[Codegen][0m Generating RCTModulesProvider.h[0m
[36m[1m[Codegen][0m Generated artifact: /Users/shvmsnha/Desktop/project/ReactNativeCliCourse/DonationApp/ios/build/generated/ios/ReactCodegen/RCTModuleProviders.h[0m
[36m[1m[Codegen][0m Generating RCTModuleProviders.mm[0m
[36m[1m[Codegen][0m Generated artifact: /Users/shvmsnha/Desktop/project/ReactNativeCliCourse/DonationApp/ios/build/generated/ios/ReactCodegen/RCTModuleProviders.mm[0m
[36m[1m[Codegen][0m Generating RCTAppDependencyProvider[0m
[36m[1m[Codegen][0m Generated artifact: /Users/shvmsnha/Desktop/project/ReactNativeCliCourse/DonationApp/ios/build/generated/ios/ReactAppDependencyProvider/RCTAppDependencyProvider.h[0m
[36m[1m[Codegen][0m Generated artifact: /Users/shvmsnha/Desktop/project/ReactNativeCliCourse/DonationApp/ios/build/generated/ios/ReactAppDependencyProvider/RCTAppDependencyProvider.mm[0m
[36m[1m[Codegen][0m Generated podspec: /Users/shvmsnha/Desktop/project/ReactNativeCliCourse/DonationApp/ios/build/generated/ios/ReactAppDependencyProvider/ReactAppDependencyProvider.podspec[0m
[36m[1m[Codegen][0m Generated podspec: /Users/shvmsnha/Desktop/project/ReactNativeCliCourse/DonationApp/ios/build/generated/ios/ReactCodegen/ReactCodegen.podspec[0m
[36m[1m[Codegen][0m Generating Package.swift[0m
[36m[1m[Codegen][0m Generated artifact: /Users/shvmsnha/Desktop/project/ReactNativeCliCourse/DonationApp/ios/build/generated/ios/Package.swift[0m
[36m[1m[Codegen][0m [33mDone.[0m
[ReactNativeDependencies] Using tarball from URL: https://repo1.maven.org/maven2/com/facebook/react/react-native-artifacts/0.86.0/react-native-artifacts-0.86.0-reactnative-dependencies-debug.tar.gz
[ReactNativeDependencies] Tarball reactnative-dependencies-0.86.0-debug.tar.gz already exists in Pods. Skipping download.
[ReactNativeDependencies] Tarball reactnative-dependencies-0.86.0-release.tar.gz already exists in Pods. Skipping download.
Analyzing dependencies
/Users/shvmsnha/Desktop/project/ReactNativeCliCourse/DonationApp/vendor/bundle/ruby/4.0.0/gems/molinillo-0.8.0/lib/molinillo/dependency_graph.rb:3: warning: tsort was loaded from the standard library, but will no longer be part of the default gems starting from Ruby 4.1.0
You can add tsort to your Gemfile or gemspec to silence this warning.
Downloading dependencies
Generating Pods project
Setting USE_HERMES build settings
Setting REACT_NATIVE_PATH build settings
Setting SWIFT_ACTIVE_COMPILATION_CONDITIONS build settings
[Ccache]: Removing Ccache from CC, LD, CXX & LDPLUSPLUS build settings
Setting SWIFT_ENABLE_EXPLICIT_MODULES build settings
[ReactNativeCore] Processing VFS overlay file...
[ReactNativeCore]   Created VFS overlay at /Users/shvmsnha/Desktop/project/ReactNativeCliCourse/DonationApp/ios/Pods/React-Core-prebuilt/React-VFS.yaml
[ReactNativeCore] VFS overlay setup complete
[ReactNativeCore] Configuring xcconfig for prebuilt React Native Core...
[ReactNativeCore] Prebuilt xcconfig configuration complete
[SPM] Cleaning old SPM dependencies from Pods project
[SPM] Adding SPM dependencies to Pods project
[Privacy Manifest Aggregation] Appending aggregated reasons to existing PrivacyInfo.xcprivacy file.
[Privacy Manifest Aggregation] Reading .xcprivacy files to aggregate all used Required Reason APIs.
Setting CLANG_CXX_LANGUAGE_STANDARD to c++20 on /Users/shvmsnha/Desktop/project/ReactNativeCliCourse/DonationApp/ios/DonationApp.xcodeproj

==================== DEPRECATION NOTICE =====================
Calling `pod install` directly is deprecated in React Native
because we are moving away from Cocoapods toward alternative
solutions to build the project.
* If you are using Expo, please run:
`npx expo run:ios`
* If you are using the Community CLI, please run:
`yarn ios`
=============================================================

Pod install took 17 [s] to run
Integrating client project
Pod installation complete! There are 77 dependencies from the Podfile and 76 total pods installed.
